<?xml version="1.0" encoding="UTF-8"?>
<testsuite xmlns:xsi="http://www.w3.org/2001/XMLSchema-instance" xsi:noNamespaceSchemaLocation="https://maven.apache.org/surefire/maven-surefire-plugin/xsd/surefire-test-report-3.0.xsd" version="3.0" name="com.sismics.docs.rest.TestAclResource" time="9.901" tests="2" errors="0" skipped="0" failures="0">
  <properties>
    <property name="java.specification.version" value="19"/>
    <property name="sun.cpu.isalist" value="amd64"/>
    <property name="sun.jnu.encoding" value="GBK"/>
    <property name="java.class.path" value="F:\Sustech_course\SE\lab\lab2\Teedy\docs-web\target\test-classes;F:\Sustech_course\SE\lab\lab2\Teedy\docs-web\target\classes;C:\Users\cjxli\.m2\repository\com\sismics\docs\docs-core\1.10\docs-core-1.10.jar;C:\Users\cjxli\.m2\repository\org\hibernate\hibernate-core\5.4.27.Final\hibernate-core-5.4.27.Final.jar;C:\Users\cjxli\.m2\repository\org\jboss\logging\jboss-logging\3.4.1.Final\jboss-logging-3.4.1.Final.jar;C:\Users\cjxli\.m2\repository\javax\persistence\javax.persistence-api\2.2\javax.persistence-api-2.2.jar;C:\Users\cjxli\.m2\repository\net\bytebuddy\byte-buddy\1.10.17\byte-buddy-1.10.17.jar;C:\Users\cjxli\.m2\repository\antlr\antlr\2.7.7\antlr-2.7.7.jar;C:\Users\cjxli\.m2\repository\org\jboss\spec\javax\transaction\jboss-transaction-api_1.2_spec\1.1.1.Final\jboss-transaction-api_1.2_spec-1.1.1.Final.jar;C:\Users\cjxli\.m2\repository\org\jboss\jandex\2.1.3.Final\jandex-2.1.3.Final.jar;C:\Users\cjxli\.m2\repository\com\fasterxml\classmate\1.5.1\classmate-1.5.1.jar;C:\Users\cjxli\.m2\repository\javax\activation\javax.activation-api\1.2.0\javax.activation-api-1.2.0.jar;C:\Users\cjxli\.m2\repository\org\dom4j\dom4j\2.1.3\dom4j-2.1.3.jar;C:\Users\cjxli\.m2\repository\org\hibernate\common\hibernate-commons-annotations\5.1.2.Final\hibernate-commons-annotations-5.1.2.Final.jar;C:\Users\cjxli\.m2\repository\org\glassfish\jaxb\jaxb-runtime\2.3.1\jaxb-runtime-2.3.1.jar;C:\Users\cjxli\.m2\repository\org\glassfish\jaxb\txw2\2.3.1\txw2-2.3.1.jar;C:\Users\cjxli\.m2\repository\com\sun\istack\istack-commons-runtime\3.0.7\istack-commons-runtime-3.0.7.jar;C:\Users\cjxli\.m2\repository\org\jvnet\staxex\stax-ex\1.8\stax-ex-1.8.jar;C:\Users\cjxli\.m2\repository\com\sun\xml\fastinfoset\FastInfoset\1.2.15\FastInfoset-1.2.15.jar;C:\Users\cjxli\.m2\repository\org\hibernate\hibernate-entitymanager\5.4.27.Final\hibernate-entitymanager-5.4.27.Final.jar;C:\Users\cjxli\.m2\repository\org\hibernate\hibernate-c3p0\5.4.27.Final\hibernate-c3p0-5.4.27.Final.jar;C:\Users\cjxli\.m2\repository\com\mchange\c3p0\0.9.5.5\c3p0-0.9.5.5.jar;C:\Users\cjxli\.m2\repository\com\mchange\mchange-commons-java\0.2.19\mchange-commons-java-0.2.19.jar;C:\Users\cjxli\.m2\repository\org\apache\commons\commons-compress\1.18\commons-compress-1.18.jar;C:\Users\cjxli\.m2\repository\org\apache\commons\commons-email\1.5\commons-email-1.5.jar;C:\Users\cjxli\.m2\repository\org\freemarker\freemarker\2.3.30\freemarker-2.3.30.jar;C:\Users\cjxli\.m2\repository\org\glassfish\javax.json\1.1.4\javax.json-1.1.4.jar;C:\Users\cjxli\.m2\repository\org\jsoup\jsoup\1.13.1\jsoup-1.13.1.jar;C:\Users\cjxli\.m2\repository\org\slf4j\slf4j-log4j12\1.7.30\slf4j-log4j12-1.7.30.jar;C:\Users\cjxli\.m2\repository\org\slf4j\slf4j-api\1.7.30\slf4j-api-1.7.30.jar;C:\Users\cjxli\.m2\repository\org\slf4j\jcl-over-slf4j\1.7.30\jcl-over-slf4j-1.7.30.jar;C:\Users\cjxli\.m2\repository\at\favre\lib\bcrypt\0.9.0\bcrypt-0.9.0.jar;C:\Users\cjxli\.m2\repository\at\favre\lib\bytes\1.3.0\bytes-1.3.0.jar;C:\Users\cjxli\.m2\repository\org\apache\lucene\lucene-core\8.7.0\lucene-core-8.7.0.jar;C:\Users\cjxli\.m2\repository\org\apache\lucene\lucene-analyzers-common\8.7.0\lucene-analyzers-common-8.7.0.jar;C:\Users\cjxli\.m2\repository\org\apache\lucene\lucene-queryparser\8.7.0\lucene-queryparser-8.7.0.jar;C:\Users\cjxli\.m2\repository\org\apache\lucene\lucene-queries\8.7.0\lucene-queries-8.7.0.jar;C:\Users\cjxli\.m2\repository\org\apache\lucene\lucene-sandbox\8.7.0\lucene-sandbox-8.7.0.jar;C:\Users\cjxli\.m2\repository\org\apache\lucene\lucene-suggest\8.7.0\lucene-suggest-8.7.0.jar;C:\Users\cjxli\.m2\repository\org\apache\lucene\lucene-highlighter\8.7.0\lucene-highlighter-8.7.0.jar;C:\Users\cjxli\.m2\repository\org\apache\lucene\lucene-memory\8.7.0\lucene-memory-8.7.0.jar;C:\Users\cjxli\.m2\repository\com\sun\mail\javax.mail\1.6.2\javax.mail-1.6.2.jar;C:\Users\cjxli\.m2\repository\javax\activation\activation\1.1\activation-1.1.jar;C:\Users\cjxli\.m2\repository\com\squareup\okhttp3\okhttp\4.9.0\okhttp-4.9.0.jar;C:\Users\cjxli\.m2\repository\com\squareup\okio\okio\2.8.0\okio-2.8.0.jar;C:\Users\cjxli\.m2\repository\org\jetbrains\kotlin\kotlin-stdlib-common\1.4.0\kotlin-stdlib-common-1.4.0.jar;C:\Users\cjxli\.m2\repository\org\jetbrains\kotlin\kotlin-stdlib\1.4.10\kotlin-stdlib-1.4.10.jar;C:\Users\cjxli\.m2\repository\org\jetbrains\annotations\13.0\annotations-13.0.jar;C:\Users\cjxli\.m2\repository\org\apache\directory\api\api-all\2.0.1\api-all-2.0.1.jar;C:\Users\cjxli\.m2\repository\org\apache\servicemix\bundles\org.apache.servicemix.bundles.xpp3\1.1.4c_7\org.apache.servicemix.bundles.xpp3-1.1.4c_7.jar;C:\Users\cjxli\.m2\repository\org\apache\servicemix\bundles\org.apache.servicemix.bundles.dom4j\2.1.1_1\org.apache.servicemix.bundles.dom4j-2.1.1_1.jar;C:\Users\cjxli\.m2\repository\org\apache\commons\commons-pool2\2.8.0\commons-pool2-2.8.0.jar;C:\Users\cjxli\.m2\repository\org\apache\mina\mina-core\2.1.3\mina-core-2.1.3.jar;C:\Users\cjxli\.m2\repository\org\apache\commons\commons-lang3\3.9\commons-lang3-3.9.jar;C:\Users\cjxli\.m2\repository\org\apache\commons\commons-collections4\4.4\commons-collections4-4.4.jar;C:\Users\cjxli\.m2\repository\org\apache\servicemix\bundles\org.apache.servicemix.bundles.antlr\2.7.7_5\org.apache.servicemix.bundles.antlr-2.7.7_5.jar;C:\Users\cjxli\.m2\repository\commons-codec\commons-codec\1.14\commons-codec-1.14.jar;C:\Users\cjxli\.m2\repository\org\apache\lucene\lucene-backward-codecs\8.7.0\lucene-backward-codecs-8.7.0.jar;C:\Users\cjxli\.m2\repository\org\imgscalr\imgscalr-lib\4.2\imgscalr-lib-4.2.jar;C:\Users\cjxli\.m2\repository\org\apache\pdfbox\pdfbox\2.0.22\pdfbox-2.0.22.jar;C:\Users\cjxli\.m2\repository\org\apache\pdfbox\fontbox\2.0.22\fontbox-2.0.22.jar;C:\Users\cjxli\.m2\repository\org\bouncycastle\bcprov-jdk15on\1.68\bcprov-jdk15on-1.68.jar;C:\Users\cjxli\.m2\repository\fr\opensagres\xdocreport\fr.opensagres.odfdom.converter.pdf\2.0.2\fr.opensagres.odfdom.converter.pdf-2.0.2.jar;C:\Users\cjxli\.m2\repository\fr\opensagres\xdocreport\fr.opensagres.odfdom.converter.core\2.0.2\fr.opensagres.odfdom.converter.core-2.0.2.jar;C:\Users\cjxli\.m2\repository\org\odftoolkit\odfdom-java\0.8.7\odfdom-java-0.8.7.jar;C:\Users\cjxli\.m2\repository\xerces\xercesImpl\2.9.1\xercesImpl-2.9.1.jar;C:\Users\cjxli\.m2\repository\xml-apis\xml-apis\1.3.04\xml-apis-1.3.04.jar;C:\Users\cjxli\.m2\repository\fr\opensagres\xdocreport\fr.opensagres.xdocreport.itext.extension\2.0.2\fr.opensagres.xdocreport.itext.extension-2.0.2.jar;C:\Users\cjxli\.m2\repository\com\lowagie\itext\2.1.7\itext-2.1.7.jar;C:\Users\cjxli\.m2\repository\fr\opensagres\xdocreport\fr.opensagres.poi.xwpf.converter.pdf\2.0.2\fr.opensagres.poi.xwpf.converter.pdf-2.0.2.jar;C:\Users\cjxli\.m2\repository\fr\opensagres\xdocreport\fr.opensagres.poi.xwpf.converter.core\2.0.2\fr.opensagres.poi.xwpf.converter.core-2.0.2.jar;C:\Users\cjxli\.m2\repository\org\apache\poi\poi-ooxml\4.0.1\poi-ooxml-4.0.1.jar;C:\Users\cjxli\.m2\repository\org\apache\poi\poi\4.0.1\poi-4.0.1.jar;C:\Users\cjxli\.m2\repository\org\apache\commons\commons-math3\3.6.1\commons-math3-3.6.1.jar;C:\Users\cjxli\.m2\repository\com\github\virtuald\curvesapi\1.05\curvesapi-1.05.jar;C:\Users\cjxli\.m2\repository\org\apache\poi\ooxml-schemas\1.4\ooxml-schemas-1.4.jar;C:\Users\cjxli\.m2\repository\org\apache\xmlbeans\xmlbeans\3.0.1\xmlbeans-3.0.1.jar;C:\Users\cjxli\.m2\repository\com\twelvemonkeys\imageio\imageio-jpeg\3.6.2\imageio-jpeg-3.6.2.jar;C:\Users\cjxli\.m2\repository\com\twelvemonkeys\imageio\imageio-core\3.6.2\imageio-core-3.6.2.jar;C:\Users\cjxli\.m2\repository\com\twelvemonkeys\imageio\imageio-metadata\3.6.2\imageio-metadata-3.6.2.jar;C:\Users\cjxli\.m2\repository\com\twelvemonkeys\imageio\imageio-tiff\3.6.2\imageio-tiff-3.6.2.jar;C:\Users\cjxli\.m2\repository\com\github\jai-imageio\jai-imageio-jpeg2000\1.4.0\jai-imageio-jpeg2000-1.4.0.jar;C:\Users\cjxli\.m2\repository\com\github\jai-imageio\jai-imageio-core\1.4.0\jai-imageio-core-1.4.0.jar;C:\Users\cjxli\.m2\repository\com\levigo\jbig2\levigo-jbig2-imageio\2.0\levigo-jbig2-imageio-2.0.jar;C:\Users\cjxli\.m2\repository\org\postgresql\postgresql\42.2.18\postgresql-42.2.18.jar;C:\Users\cjxli\.m2\repository\javax\xml\bind\jaxb-api\2.3.0\jaxb-api-2.3.0.jar;C:\Users\cjxli\.m2\repository\com\sun\xml\bind\jaxb-core\2.3.0\jaxb-core-2.3.0.jar;C:\Users\cjxli\.m2\repository\com\sun\xml\bind\jaxb-impl\2.3.0\jaxb-impl-2.3.0.jar;C:\Users\cjxli\.m2\repository\com\sismics\docs\docs-web-common\1.10\docs-web-common-1.10.jar;C:\Users\cjxli\.m2\repository\org\slf4j\jul-to-slf4j\1.7.30\jul-to-slf4j-1.7.30.jar;C:\Users\cjxli\.m2\repository\org\glassfish\jersey\containers\jersey-container-servlet\2.33\jersey-container-servlet-2.33.jar;C:\Users\cjxli\.m2\repository\org\glassfish\jersey\containers\jersey-container-servlet-core\2.33\jersey-container-servlet-core-2.33.jar;C:\Users\cjxli\.m2\repository\org\glassfish\hk2\external\jakarta.inject\2.6.1\jakarta.inject-2.6.1.jar;C:\Users\cjxli\.m2\repository\org\glassfish\jersey\core\jersey-common\2.33\jersey-common-2.33.jar;C:\Users\cjxli\.m2\repository\jakarta\annotation\jakarta.annotation-api\1.3.5\jakarta.annotation-api-1.3.5.jar;C:\Users\cjxli\.m2\repository\org\glassfish\hk2\osgi-resource-locator\1.0.3\osgi-resource-locator-1.0.3.jar;C:\Users\cjxli\.m2\repository\org\glassfish\jersey\core\jersey-server\2.33\jersey-server-2.33.jar;C:\Users\cjxli\.m2\repository\org\glassfish\jersey\core\jersey-client\2.33\jersey-client-2.33.jar;C:\Users\cjxli\.m2\repository\jakarta\validation\jakarta.validation-api\2.0.2\jakarta.validation-api-2.0.2.jar;C:\Users\cjxli\.m2\repository\jakarta\ws\rs\jakarta.ws.rs-api\2.1.6\jakarta.ws.rs-api-2.1.6.jar;C:\Users\cjxli\.m2\repository\org\glassfish\jersey\media\jersey-media-json-processing\2.33\jersey-media-json-processing-2.33.jar;C:\Users\cjxli\.m2\repository\org\glassfish\jakarta.json\1.1.6\jakarta.json-1.1.6.jar;C:\Users\cjxli\.m2\repository\org\glassfish\jsonp-jaxrs\1.1.6\jsonp-jaxrs-1.1.6.jar;C:\Users\cjxli\.m2\repository\org\glassfish\jersey\media\jersey-media-multipart\2.33\jersey-media-multipart-2.33.jar;C:\Users\cjxli\.m2\repository\org\jvnet\mimepull\mimepull\1.9.13\mimepull-1.9.13.jar;C:\Users\cjxli\.m2\repository\org\glassfish\jersey\inject\jersey-hk2\2.33\jersey-hk2-2.33.jar;C:\Users\cjxli\.m2\repository\org\glassfish\hk2\hk2-locator\2.6.1\hk2-locator-2.6.1.jar;C:\Users\cjxli\.m2\repository\org\glassfish\hk2\external\aopalliance-repackaged\2.6.1\aopalliance-repackaged-2.6.1.jar;C:\Users\cjxli\.m2\repository\org\glassfish\hk2\hk2-api\2.6.1\hk2-api-2.6.1.jar;C:\Users\cjxli\.m2\repository\org\glassfish\hk2\hk2-utils\2.6.1\hk2-utils-2.6.1.jar;C:\Users\cjxli\.m2\repository\org\javassist\javassist\3.25.0-GA\javassist-3.25.0-GA.jar;C:\Users\cjxli\.m2\repository\commons-lang\commons-lang\2.6\commons-lang-2.6.jar;C:\Users\cjxli\.m2\repository\commons-io\commons-io\2.6\commons-io-2.6.jar;C:\Users\cjxli\.m2\repository\com\google\guava\guava\30.1-jre\guava-30.1-jre.jar;C:\Users\cjxli\.m2\repository\com\google\guava\failureaccess\1.0.1\failureaccess-1.0.1.jar;C:\Users\cjxli\.m2\repository\com\google\guava\listenablefuture\9999.0-empty-to-avoid-conflict-with-guava\listenablefuture-9999.0-empty-to-avoid-conflict-with-guava.jar;C:\Users\cjxli\.m2\repository\com\google\code\findbugs\jsr305\3.0.2\jsr305-3.0.2.jar;C:\Users\cjxli\.m2\repository\org\checkerframework\checker-qual\3.5.0\checker-qual-3.5.0.jar;C:\Users\cjxli\.m2\repository\com\google\errorprone\error_prone_annotations\2.3.4\error_prone_annotations-2.3.4.jar;C:\Users\cjxli\.m2\repository\com\google\j2objc\j2objc-annotations\1.3\j2objc-annotations-1.3.jar;C:\Users\cjxli\.m2\repository\log4j\log4j\1.2.17\log4j-1.2.17.jar;C:\Users\cjxli\.m2\repository\commons-dbcp\commons-dbcp\1.4\commons-dbcp-1.4.jar;C:\Users\cjxli\.m2\repository\commons-pool\commons-pool\1.5.4\commons-pool-1.5.4.jar;C:\Users\cjxli\.m2\repository\javax\servlet\javax.servlet-api\4.0.1\javax.servlet-api-4.0.1.jar;C:\Users\cjxli\.m2\repository\joda-time\joda-time\2.10.9\joda-time-2.10.9.jar;C:\Users\cjxli\.m2\repository\com\h2database\h2\1.4.199\h2-1.4.199.jar;C:\Users\cjxli\.m2\repository\com\twelvemonkeys\servlet\servlet\3.6.2\servlet-3.6.2.jar;C:\Users\cjxli\.m2\repository\com\twelvemonkeys\common\common-lang\3.6.2\common-lang-3.6.2.jar;C:\Users\cjxli\.m2\repository\com\twelvemonkeys\common\common-io\3.6.2\common-io-3.6.2.jar;C:\Users\cjxli\.m2\repository\com\twelvemonkeys\common\common-image\3.6.2\common-image-3.6.2.jar;C:\Users\cjxli\.m2\repository\com\sismics\docs\docs-web-common\1.10\docs-web-common-1.10-tests.jar;C:\Users\cjxli\.m2\repository\junit\junit\4.13.1\junit-4.13.1.jar;C:\Users\cjxli\.m2\repository\org\hamcrest\hamcrest-core\1.3\hamcrest-core-1.3.jar;C:\Users\cjxli\.m2\repository\org\glassfish\jersey\test-framework\providers\jersey-test-framework-provider-inmemory\2.33\jersey-test-framework-provider-inmemory-2.33.jar;C:\Users\cjxli\.m2\repository\org\glassfish\jersey\test-framework\providers\jersey-test-framework-provider-external\2.33\jersey-test-framework-provider-external-2.33.jar;C:\Users\cjxli\.m2\repository\org\glassfish\jersey\test-framework\providers\jersey-test-framework-provider-jdk-http\2.33\jersey-test-framework-provider-jdk-http-2.33.jar;C:\Users\cjxli\.m2\repository\org\glassfish\jersey\containers\jersey-container-jdk-http\2.33\jersey-container-jdk-http-2.33.jar;C:\Users\cjxli\.m2\repository\org\glassfish\jersey\test-framework\providers\jersey-test-framework-provider-simple\2.33\jersey-test-framework-provider-simple-2.33.jar;C:\Users\cjxli\.m2\repository\org\glassfish\jersey\containers\jersey-container-simple-http\2.33\jersey-container-simple-http-2.33.jar;C:\Users\cjxli\.m2\repository\org\simpleframework\simple-http\6.0.1\simple-http-6.0.1.jar;C:\Users\cjxli\.m2\repository\org\simpleframework\simple-transport\6.0.1\simple-transport-6.0.1.jar;C:\Users\cjxli\.m2\repository\org\simpleframework\simple-common\6.0.1\simple-common-6.0.1.jar;C:\Users\cjxli\.m2\repository\org\glassfish\jersey\test-framework\providers\jersey-test-framework-provider-jetty\2.33\jersey-test-framework-provider-jetty-2.33.jar;C:\Users\cjxli\.m2\repository\org\glassfish\jersey\containers\jersey-container-jetty-http\2.33\jersey-container-jetty-http-2.33.jar;C:\Users\cjxli\.m2\repository\org\eclipse\jetty\jetty-server\9.4.36.v20210114\jetty-server-9.4.36.v20210114.jar;C:\Users\cjxli\.m2\repository\org\eclipse\jetty\jetty-http\9.4.36.v20210114\jetty-http-9.4.36.v20210114.jar;C:\Users\cjxli\.m2\repository\org\eclipse\jetty\jetty-io\9.4.36.v20210114\jetty-io-9.4.36.v20210114.jar;C:\Users\cjxli\.m2\repository\org\eclipse\jetty\jetty-util\9.4.28.v20200408\jetty-util-9.4.28.v20200408.jar;C:\Users\cjxli\.m2\repository\org\eclipse\jetty\jetty-continuation\9.4.28.v20200408\jetty-continuation-9.4.28.v20200408.jar;C:\Users\cjxli\.m2\repository\org\glassfish\jersey\test-framework\providers\jersey-test-framework-provider-netty\2.33\jersey-test-framework-provider-netty-2.33.jar;C:\Users\cjxli\.m2\repository\org\glassfish\jersey\containers\jersey-container-netty-http\2.33\jersey-container-netty-http-2.33.jar;C:\Users\cjxli\.m2\repository\org\glassfish\jersey\connectors\jersey-netty-connector\2.33\jersey-netty-connector-2.33.jar;C:\Users\cjxli\.m2\repository\io\netty\netty-all\4.1.43.Final\netty-all-4.1.43.Final.jar;C:\Users\cjxli\.m2\repository\org\glassfish\jersey\test-framework\providers\jersey-test-framework-provider-grizzly2\2.33\jersey-test-framework-provider-grizzly2-2.33.jar;C:\Users\cjxli\.m2\repository\jakarta\servlet\jakarta.servlet-api\4.0.3\jakarta.servlet-api-4.0.3.jar;C:\Users\cjxli\.m2\repository\org\glassfish\jersey\test-framework\jersey-test-framework-core\2.33\jersey-test-framework-core-2.33.jar;C:\Users\cjxli\.m2\repository\jakarta\xml\bind\jakarta.xml.bind-api\2.3.3\jakarta.xml.bind-api-2.3.3.jar;C:\Users\cjxli\.m2\repository\jakarta\activation\jakarta.activation-api\1.2.2\jakarta.activation-api-1.2.2.jar;C:\Users\cjxli\.m2\repository\org\glassfish\jersey\media\jersey-media-jaxb\2.33\jersey-media-jaxb-2.33.jar;C:\Users\cjxli\.m2\repository\org\glassfish\jersey\containers\jersey-container-grizzly2-http\2.33\jersey-container-grizzly2-http-2.33.jar;C:\Users\cjxli\.m2\repository\org\glassfish\grizzly\grizzly-http-server\2.4.4\grizzly-http-server-2.4.4.jar;C:\Users\cjxli\.m2\repository\org\glassfish\grizzly\grizzly-http\2.4.4\grizzly-http-2.4.4.jar;C:\Users\cjxli\.m2\repository\org\glassfish\grizzly\grizzly-framework\2.4.4\grizzly-framework-2.4.4.jar;C:\Users\cjxli\.m2\repository\org\glassfish\jersey\containers\jersey-container-grizzly2-servlet\2.33\jersey-container-grizzly2-servlet-2.33.jar;C:\Users\cjxli\.m2\repository\org\glassfish\grizzly\grizzly-http-servlet\2.4.4\grizzly-http-servlet-2.4.4.jar;C:\Users\cjxli\.m2\repository\org\subethamail\subethasmtp-wiser\1.2\subethasmtp-wiser-1.2.jar;C:\Users\cjxli\.m2\repository\org\subethamail\subethasmtp-smtp\1.2\subethasmtp-smtp-1.2.jar;C:\Users\cjxli\.m2\repository\commons-logging\commons-logging\1.1\commons-logging-1.1.jar;C:\Users\cjxli\.m2\repository\logkit\logkit\1.0.1\logkit-1.0.1.jar;C:\Users\cjxli\.m2\repository\avalon-framework\avalon-framework\4.1.3\avalon-framework-4.1.3.jar;C:\Users\cjxli\.m2\repository\javax\servlet\servlet-api\2.3\servlet-api-2.3.jar;C:\Users\cjxli\.m2\repository\com\icegreen\greenmail\1.5.8\greenmail-1.5.8.jar;"/>
    <property name="java.vm.vendor" value="Oracle Corporation"/>
    <property name="sun.arch.data.model" value="64"/>
    <property name="user.variant" value=""/>
    <property name="java.vendor.url" value="https://java.oracle.com/"/>
    <property name="user.timezone" value="Asia/Shanghai"/>
    <property name="os.name" value="Windows 11"/>
    <property name="java.vm.specification.version" value="19"/>
    <property name="sun.java.launcher" value="SUN_STANDARD"/>
    <property name="user.country" value="CN"/>
    <property name="sun.boot.library.path" value="C:\Program Files\Java\jdk-19\bin"/>
    <property name="sun.java.command" value="C:\Users\cjxli\AppData\Local\Temp\surefire15943189906506894218\surefirebooter3062198582276509815.jar C:\Users\cjxli\AppData\Local\Temp\surefire15943189906506894218 2024-05-08T15-59-42_472-jvmRun1 surefire12705715150561279842tmp surefire_09659620613238284957tmp"/>
    <property name="jdk.debug" value="release"/>
    <property name="surefire.test.class.path" value="F:\Sustech_course\SE\lab\lab2\Teedy\docs-web\target\test-classes;F:\Sustech_course\SE\lab\lab2\Teedy\docs-web\target\classes;C:\Users\cjxli\.m2\repository\com\sismics\docs\docs-core\1.10\docs-core-1.10.jar;C:\Users\cjxli\.m2\repository\org\hibernate\hibernate-core\5.4.27.Final\hibernate-core-5.4.27.Final.jar;C:\Users\cjxli\.m2\repository\org\jboss\logging\jboss-logging\3.4.1.Final\jboss-logging-3.4.1.Final.jar;C:\Users\cjxli\.m2\repository\javax\persistence\javax.persistence-api\2.2\javax.persistence-api-2.2.jar;C:\Users\cjxli\.m2\repository\net\bytebuddy\byte-buddy\1.10.17\byte-buddy-1.10.17.jar;C:\Users\cjxli\.m2\repository\antlr\antlr\2.7.7\antlr-2.7.7.jar;C:\Users\cjxli\.m2\repository\org\jboss\spec\javax\transaction\jboss-transaction-api_1.2_spec\1.1.1.Final\jboss-transaction-api_1.2_spec-1.1.1.Final.jar;C:\Users\cjxli\.m2\repository\org\jboss\jandex\2.1.3.Final\jandex-2.1.3.Final.jar;C:\Users\cjxli\.m2\repository\com\fasterxml\classmate\1.5.1\classmate-1.5.1.jar;C:\Users\cjxli\.m2\repository\javax\activation\javax.activation-api\1.2.0\javax.activation-api-1.2.0.jar;C:\Users\cjxli\.m2\repository\org\dom4j\dom4j\2.1.3\dom4j-2.1.3.jar;C:\Users\cjxli\.m2\repository\org\hibernate\common\hibernate-commons-annotations\5.1.2.Final\hibernate-commons-annotations-5.1.2.Final.jar;C:\Users\cjxli\.m2\repository\org\glassfish\jaxb\jaxb-runtime\2.3.1\jaxb-runtime-2.3.1.jar;C:\Users\cjxli\.m2\repository\org\glassfish\jaxb\txw2\2.3.1\txw2-2.3.1.jar;C:\Users\cjxli\.m2\repository\com\sun\istack\istack-commons-runtime\3.0.7\istack-commons-runtime-3.0.7.jar;C:\Users\cjxli\.m2\repository\org\jvnet\staxex\stax-ex\1.8\stax-ex-1.8.jar;C:\Users\cjxli\.m2\repository\com\sun\xml\fastinfoset\FastInfoset\1.2.15\FastInfoset-1.2.15.jar;C:\Users\cjxli\.m2\repository\org\hibernate\hibernate-entitymanager\5.4.27.Final\hibernate-entitymanager-5.4.27.Final.jar;C:\Users\cjxli\.m2\repository\org\hibernate\hibernate-c3p0\5.4.27.Final\hibernate-c3p0-5.4.27.Final.jar;C:\Users\cjxli\.m2\repository\com\mchange\c3p0\0.9.5.5\c3p0-0.9.5.5.jar;C:\Users\cjxli\.m2\repository\com\mchange\mchange-commons-java\0.2.19\mchange-commons-java-0.2.19.jar;C:\Users\cjxli\.m2\repository\org\apache\commons\commons-compress\1.18\commons-compress-1.18.jar;C:\Users\cjxli\.m2\repository\org\apache\commons\commons-email\1.5\commons-email-1.5.jar;C:\Users\cjxli\.m2\repository\org\freemarker\freemarker\2.3.30\freemarker-2.3.30.jar;C:\Users\cjxli\.m2\repository\org\glassfish\javax.json\1.1.4\javax.json-1.1.4.jar;C:\Users\cjxli\.m2\repository\org\jsoup\jsoup\1.13.1\jsoup-1.13.1.jar;C:\Users\cjxli\.m2\repository\org\slf4j\slf4j-log4j12\1.7.30\slf4j-log4j12-1.7.30.jar;C:\Users\cjxli\.m2\repository\org\slf4j\slf4j-api\1.7.30\slf4j-api-1.7.30.jar;C:\Users\cjxli\.m2\repository\org\slf4j\jcl-over-slf4j\1.7.30\jcl-over-slf4j-1.7.30.jar;C:\Users\cjxli\.m2\repository\at\favre\lib\bcrypt\0.9.0\bcrypt-0.9.0.jar;C:\Users\cjxli\.m2\repository\at\favre\lib\bytes\1.3.0\bytes-1.3.0.jar;C:\Users\cjxli\.m2\repository\org\apache\lucene\lucene-core\8.7.0\lucene-core-8.7.0.jar;C:\Users\cjxli\.m2\repository\org\apache\lucene\lucene-analyzers-common\8.7.0\lucene-analyzers-common-8.7.0.jar;C:\Users\cjxli\.m2\repository\org\apache\lucene\lucene-queryparser\8.7.0\lucene-queryparser-8.7.0.jar;C:\Users\cjxli\.m2\repository\org\apache\lucene\lucene-queries\8.7.0\lucene-queries-8.7.0.jar;C:\Users\cjxli\.m2\repository\org\apache\lucene\lucene-sandbox\8.7.0\lucene-sandbox-8.7.0.jar;C:\Users\cjxli\.m2\repository\org\apache\lucene\lucene-suggest\8.7.0\lucene-suggest-8.7.0.jar;C:\Users\cjxli\.m2\repository\org\apache\lucene\lucene-highlighter\8.7.0\lucene-highlighter-8.7.0.jar;C:\Users\cjxli\.m2\repository\org\apache\lucene\lucene-memory\8.7.0\lucene-memory-8.7.0.jar;C:\Users\cjxli\.m2\repository\com\sun\mail\javax.mail\1.6.2\javax.mail-1.6.2.jar;C:\Users\cjxli\.m2\repository\javax\activation\activation\1.1\activation-1.1.jar;C:\Users\cjxli\.m2\repository\com\squareup\okhttp3\okhttp\4.9.0\okhttp-4.9.0.jar;C:\Users\cjxli\.m2\repository\com\squareup\okio\okio\2.8.0\okio-2.8.0.jar;C:\Users\cjxli\.m2\repository\org\jetbrains\kotlin\kotlin-stdlib-common\1.4.0\kotlin-stdlib-common-1.4.0.jar;C:\Users\cjxli\.m2\repository\org\jetbrains\kotlin\kotlin-stdlib\1.4.10\kotlin-stdlib-1.4.10.jar;C:\Users\cjxli\.m2\repository\org\jetbrains\annotations\13.0\annotations-13.0.jar;C:\Users\cjxli\.m2\repository\org\apache\directory\api\api-all\2.0.1\api-all-2.0.1.jar;C:\Users\cjxli\.m2\repository\org\apache\servicemix\bundles\org.apache.servicemix.bundles.xpp3\1.1.4c_7\org.apache.servicemix.bundles.xpp3-1.1.4c_7.jar;C:\Users\cjxli\.m2\repository\org\apache\servicemix\bundles\org.apache.servicemix.bundles.dom4j\2.1.1_1\org.apache.servicemix.bundles.dom4j-2.1.1_1.jar;C:\Users\cjxli\.m2\repository\org\apache\commons\commons-pool2\2.8.0\commons-pool2-2.8.0.jar;C:\Users\cjxli\.m2\repository\org\apache\mina\mina-core\2.1.3\mina-core-2.1.3.jar;C:\Users\cjxli\.m2\repository\org\apache\commons\commons-lang3\3.9\commons-lang3-3.9.jar;C:\Users\cjxli\.m2\repository\org\apache\commons\commons-collections4\4.4\commons-collections4-4.4.jar;C:\Users\cjxli\.m2\repository\org\apache\servicemix\bundles\org.apache.servicemix.bundles.antlr\2.7.7_5\org.apache.servicemix.bundles.antlr-2.7.7_5.jar;C:\Users\cjxli\.m2\repository\commons-codec\commons-codec\1.14\commons-codec-1.14.jar;C:\Users\cjxli\.m2\repository\org\apache\lucene\lucene-backward-codecs\8.7.0\lucene-backward-codecs-8.7.0.jar;C:\Users\cjxli\.m2\repository\org\imgscalr\imgscalr-lib\4.2\imgscalr-lib-4.2.jar;C:\Users\cjxli\.m2\repository\org\apache\pdfbox\pdfbox\2.0.22\pdfbox-2.0.22.jar;C:\Users\cjxli\.m2\repository\org\apache\pdfbox\fontbox\2.0.22\fontbox-2.0.22.jar;C:\Users\cjxli\.m2\repository\org\bouncycastle\bcprov-jdk15on\1.68\bcprov-jdk15on-1.68.jar;C:\Users\cjxli\.m2\repository\fr\opensagres\xdocreport\fr.opensagres.odfdom.converter.pdf\2.0.2\fr.opensagres.odfdom.converter.pdf-2.0.2.jar;C:\Users\cjxli\.m2\repository\fr\opensagres\xdocreport\fr.opensagres.odfdom.converter.core\2.0.2\fr.opensagres.odfdom.converter.core-2.0.2.jar;C:\Users\cjxli\.m2\repository\org\odftoolkit\odfdom-java\0.8.7\odfdom-java-0.8.7.jar;C:\Users\cjxli\.m2\repository\xerces\xercesImpl\2.9.1\xercesImpl-2.9.1.jar;C:\Users\cjxli\.m2\repository\xml-apis\xml-apis\1.3.04\xml-apis-1.3.04.jar;C:\Users\cjxli\.m2\repository\fr\opensagres\xdocreport\fr.opensagres.xdocreport.itext.extension\2.0.2\fr.opensagres.xdocreport.itext.extension-2.0.2.jar;C:\Users\cjxli\.m2\repository\com\lowagie\itext\2.1.7\itext-2.1.7.jar;C:\Users\cjxli\.m2\repository\fr\opensagres\xdocreport\fr.opensagres.poi.xwpf.converter.pdf\2.0.2\fr.opensagres.poi.xwpf.converter.pdf-2.0.2.jar;C:\Users\cjxli\.m2\repository\fr\opensagres\xdocreport\fr.opensagres.poi.xwpf.converter.core\2.0.2\fr.opensagres.poi.xwpf.converter.core-2.0.2.jar;C:\Users\cjxli\.m2\repository\org\apache\poi\poi-ooxml\4.0.1\poi-ooxml-4.0.1.jar;C:\Users\cjxli\.m2\repository\org\apache\poi\poi\4.0.1\poi-4.0.1.jar;C:\Users\cjxli\.m2\repository\org\apache\commons\commons-math3\3.6.1\commons-math3-3.6.1.jar;C:\Users\cjxli\.m2\repository\com\github\virtuald\curvesapi\1.05\curvesapi-1.05.jar;C:\Users\cjxli\.m2\repository\org\apache\poi\ooxml-schemas\1.4\ooxml-schemas-1.4.jar;C:\Users\cjxli\.m2\repository\org\apache\xmlbeans\xmlbeans\3.0.1\xmlbeans-3.0.1.jar;C:\Users\cjxli\.m2\repository\com\twelvemonkeys\imageio\imageio-jpeg\3.6.2\imageio-jpeg-3.6.2.jar;C:\Users\cjxli\.m2\repository\com\twelvemonkeys\imageio\imageio-core\3.6.2\imageio-core-3.6.2.jar;C:\Users\cjxli\.m2\repository\com\twelvemonkeys\imageio\imageio-metadata\3.6.2\imageio-metadata-3.6.2.jar;C:\Users\cjxli\.m2\repository\com\twelvemonkeys\imageio\imageio-tiff\3.6.2\imageio-tiff-3.6.2.jar;C:\Users\cjxli\.m2\repository\com\github\jai-imageio\jai-imageio-jpeg2000\1.4.0\jai-imageio-jpeg2000-1.4.0.jar;C:\Users\cjxli\.m2\repository\com\github\jai-imageio\jai-imageio-core\1.4.0\jai-imageio-core-1.4.0.jar;C:\Users\cjxli\.m2\repository\com\levigo\jbig2\levigo-jbig2-imageio\2.0\levigo-jbig2-imageio-2.0.jar;C:\Users\cjxli\.m2\repository\org\postgresql\postgresql\42.2.18\postgresql-42.2.18.jar;C:\Users\cjxli\.m2\repository\javax\xml\bind\jaxb-api\2.3.0\jaxb-api-2.3.0.jar;C:\Users\cjxli\.m2\repository\com\sun\xml\bind\jaxb-core\2.3.0\jaxb-core-2.3.0.jar;C:\Users\cjxli\.m2\repository\com\sun\xml\bind\jaxb-impl\2.3.0\jaxb-impl-2.3.0.jar;C:\Users\cjxli\.m2\repository\com\sismics\docs\docs-web-common\1.10\docs-web-common-1.10.jar;C:\Users\cjxli\.m2\repository\org\slf4j\jul-to-slf4j\1.7.30\jul-to-slf4j-1.7.30.jar;C:\Users\cjxli\.m2\repository\org\glassfish\jersey\containers\jersey-container-servlet\2.33\jersey-container-servlet-2.33.jar;C:\Users\cjxli\.m2\repository\org\glassfish\jersey\containers\jersey-container-servlet-core\2.33\jersey-container-servlet-core-2.33.jar;C:\Users\cjxli\.m2\repository\org\glassfish\hk2\external\jakarta.inject\2.6.1\jakarta.inject-2.6.1.jar;C:\Users\cjxli\.m2\repository\org\glassfish\jersey\core\jersey-common\2.33\jersey-common-2.33.jar;C:\Users\cjxli\.m2\repository\jakarta\annotation\jakarta.annotation-api\1.3.5\jakarta.annotation-api-1.3.5.jar;C:\Users\cjxli\.m2\repository\org\glassfish\hk2\osgi-resource-locator\1.0.3\osgi-resource-locator-1.0.3.jar;C:\Users\cjxli\.m2\repository\org\glassfish\jersey\core\jersey-server\2.33\jersey-server-2.33.jar;C:\Users\cjxli\.m2\repository\org\glassfish\jersey\core\jersey-client\2.33\jersey-client-2.33.jar;C:\Users\cjxli\.m2\repository\jakarta\validation\jakarta.validation-api\2.0.2\jakarta.validation-api-2.0.2.jar;C:\Users\cjxli\.m2\repository\jakarta\ws\rs\jakarta.ws.rs-api\2.1.6\jakarta.ws.rs-api-2.1.6.jar;C:\Users\cjxli\.m2\repository\org\glassfish\jersey\media\jersey-media-json-processing\2.33\jersey-media-json-processing-2.33.jar;C:\Users\cjxli\.m2\repository\org\glassfish\jakarta.json\1.1.6\jakarta.json-1.1.6.jar;C:\Users\cjxli\.m2\repository\org\glassfish\jsonp-jaxrs\1.1.6\jsonp-jaxrs-1.1.6.jar;C:\Users\cjxli\.m2\repository\org\glassfish\jersey\media\jersey-media-multipart\2.33\jersey-media-multipart-2.33.jar;C:\Users\cjxli\.m2\repository\org\jvnet\mimepull\mimepull\1.9.13\mimepull-1.9.13.jar;C:\Users\cjxli\.m2\repository\org\glassfish\jersey\inject\jersey-hk2\2.33\jersey-hk2-2.33.jar;C:\Users\cjxli\.m2\repository\org\glassfish\hk2\hk2-locator\2.6.1\hk2-locator-2.6.1.jar;C:\Users\cjxli\.m2\repository\org\glassfish\hk2\external\aopalliance-repackaged\2.6.1\aopalliance-repackaged-2.6.1.jar;C:\Users\cjxli\.m2\repository\org\glassfish\hk2\hk2-api\2.6.1\hk2-api-2.6.1.jar;C:\Users\cjxli\.m2\repository\org\glassfish\hk2\hk2-utils\2.6.1\hk2-utils-2.6.1.jar;C:\Users\cjxli\.m2\repository\org\javassist\javassist\3.25.0-GA\javassist-3.25.0-GA.jar;C:\Users\cjxli\.m2\repository\commons-lang\commons-lang\2.6\commons-lang-2.6.jar;C:\Users\cjxli\.m2\repository\commons-io\commons-io\2.6\commons-io-2.6.jar;C:\Users\cjxli\.m2\repository\com\google\guava\guava\30.1-jre\guava-30.1-jre.jar;C:\Users\cjxli\.m2\repository\com\google\guava\failureaccess\1.0.1\failureaccess-1.0.1.jar;C:\Users\cjxli\.m2\repository\com\google\guava\listenablefuture\9999.0-empty-to-avoid-conflict-with-guava\listenablefuture-9999.0-empty-to-avoid-conflict-with-guava.jar;C:\Users\cjxli\.m2\repository\com\google\code\findbugs\jsr305\3.0.2\jsr305-3.0.2.jar;C:\Users\cjxli\.m2\repository\org\checkerframework\checker-qual\3.5.0\checker-qual-3.5.0.jar;C:\Users\cjxli\.m2\repository\com\google\errorprone\error_prone_annotations\2.3.4\error_prone_annotations-2.3.4.jar;C:\Users\cjxli\.m2\repository\com\google\j2objc\j2objc-annotations\1.3\j2objc-annotations-1.3.jar;C:\Users\cjxli\.m2\repository\log4j\log4j\1.2.17\log4j-1.2.17.jar;C:\Users\cjxli\.m2\repository\commons-dbcp\commons-dbcp\1.4\commons-dbcp-1.4.jar;C:\Users\cjxli\.m2\repository\commons-pool\commons-pool\1.5.4\commons-pool-1.5.4.jar;C:\Users\cjxli\.m2\repository\javax\servlet\javax.servlet-api\4.0.1\javax.servlet-api-4.0.1.jar;C:\Users\cjxli\.m2\repository\joda-time\joda-time\2.10.9\joda-time-2.10.9.jar;C:\Users\cjxli\.m2\repository\com\h2database\h2\1.4.199\h2-1.4.199.jar;C:\Users\cjxli\.m2\repository\com\twelvemonkeys\servlet\servlet\3.6.2\servlet-3.6.2.jar;C:\Users\cjxli\.m2\repository\com\twelvemonkeys\common\common-lang\3.6.2\common-lang-3.6.2.jar;C:\Users\cjxli\.m2\repository\com\twelvemonkeys\common\common-io\3.6.2\common-io-3.6.2.jar;C:\Users\cjxli\.m2\repository\com\twelvemonkeys\common\common-image\3.6.2\common-image-3.6.2.jar;C:\Users\cjxli\.m2\repository\com\sismics\docs\docs-web-common\1.10\docs-web-common-1.10-tests.jar;C:\Users\cjxli\.m2\repository\junit\junit\4.13.1\junit-4.13.1.jar;C:\Users\cjxli\.m2\repository\org\hamcrest\hamcrest-core\1.3\hamcrest-core-1.3.jar;C:\Users\cjxli\.m2\repository\org\glassfish\jersey\test-framework\providers\jersey-test-framework-provider-inmemory\2.33\jersey-test-framework-provider-inmemory-2.33.jar;C:\Users\cjxli\.m2\repository\org\glassfish\jersey\test-framework\providers\jersey-test-framework-provider-external\2.33\jersey-test-framework-provider-external-2.33.jar;C:\Users\cjxli\.m2\repository\org\glassfish\jersey\test-framework\providers\jersey-test-framework-provider-jdk-http\2.33\jersey-test-framework-provider-jdk-http-2.33.jar;C:\Users\cjxli\.m2\repository\org\glassfish\jersey\containers\jersey-container-jdk-http\2.33\jersey-container-jdk-http-2.33.jar;C:\Users\cjxli\.m2\repository\org\glassfish\jersey\test-framework\providers\jersey-test-framework-provider-simple\2.33\jersey-test-framework-provider-simple-2.33.jar;C:\Users\cjxli\.m2\repository\org\glassfish\jersey\containers\jersey-container-simple-http\2.33\jersey-container-simple-http-2.33.jar;C:\Users\cjxli\.m2\repository\org\simpleframework\simple-http\6.0.1\simple-http-6.0.1.jar;C:\Users\cjxli\.m2\repository\org\simpleframework\simple-transport\6.0.1\simple-transport-6.0.1.jar;C:\Users\cjxli\.m2\repository\org\simpleframework\simple-common\6.0.1\simple-common-6.0.1.jar;C:\Users\cjxli\.m2\repository\org\glassfish\jersey\test-framework\providers\jersey-test-framework-provider-jetty\2.33\jersey-test-framework-provider-jetty-2.33.jar;C:\Users\cjxli\.m2\repository\org\glassfish\jersey\containers\jersey-container-jetty-http\2.33\jersey-container-jetty-http-2.33.jar;C:\Users\cjxli\.m2\repository\org\eclipse\jetty\jetty-server\9.4.36.v20210114\jetty-server-9.4.36.v20210114.jar;C:\Users\cjxli\.m2\repository\org\eclipse\jetty\jetty-http\9.4.36.v20210114\jetty-http-9.4.36.v20210114.jar;C:\Users\cjxli\.m2\repository\org\eclipse\jetty\jetty-io\9.4.36.v20210114\jetty-io-9.4.36.v20210114.jar;C:\Users\cjxli\.m2\repository\org\eclipse\jetty\jetty-util\9.4.28.v20200408\jetty-util-9.4.28.v20200408.jar;C:\Users\cjxli\.m2\repository\org\eclipse\jetty\jetty-continuation\9.4.28.v20200408\jetty-continuation-9.4.28.v20200408.jar;C:\Users\cjxli\.m2\repository\org\glassfish\jersey\test-framework\providers\jersey-test-framework-provider-netty\2.33\jersey-test-framework-provider-netty-2.33.jar;C:\Users\cjxli\.m2\repository\org\glassfish\jersey\containers\jersey-container-netty-http\2.33\jersey-container-netty-http-2.33.jar;C:\Users\cjxli\.m2\repository\org\glassfish\jersey\connectors\jersey-netty-connector\2.33\jersey-netty-connector-2.33.jar;C:\Users\cjxli\.m2\repository\io\netty\netty-all\4.1.43.Final\netty-all-4.1.43.Final.jar;C:\Users\cjxli\.m2\repository\org\glassfish\jersey\test-framework\providers\jersey-test-framework-provider-grizzly2\2.33\jersey-test-framework-provider-grizzly2-2.33.jar;C:\Users\cjxli\.m2\repository\jakarta\servlet\jakarta.servlet-api\4.0.3\jakarta.servlet-api-4.0.3.jar;C:\Users\cjxli\.m2\repository\org\glassfish\jersey\test-framework\jersey-test-framework-core\2.33\jersey-test-framework-core-2.33.jar;C:\Users\cjxli\.m2\repository\jakarta\xml\bind\jakarta.xml.bind-api\2.3.3\jakarta.xml.bind-api-2.3.3.jar;C:\Users\cjxli\.m2\repository\jakarta\activation\jakarta.activation-api\1.2.2\jakarta.activation-api-1.2.2.jar;C:\Users\cjxli\.m2\repository\org\glassfish\jersey\media\jersey-media-jaxb\2.33\jersey-media-jaxb-2.33.jar;C:\Users\cjxli\.m2\repository\org\glassfish\jersey\containers\jersey-container-grizzly2-http\2.33\jersey-container-grizzly2-http-2.33.jar;C:\Users\cjxli\.m2\repository\org\glassfish\grizzly\grizzly-http-server\2.4.4\grizzly-http-server-2.4.4.jar;C:\Users\cjxli\.m2\repository\org\glassfish\grizzly\grizzly-http\2.4.4\grizzly-http-2.4.4.jar;C:\Users\cjxli\.m2\repository\org\glassfish\grizzly\grizzly-framework\2.4.4\grizzly-framework-2.4.4.jar;C:\Users\cjxli\.m2\repository\org\glassfish\jersey\containers\jersey-container-grizzly2-servlet\2.33\jersey-container-grizzly2-servlet-2.33.jar;C:\Users\cjxli\.m2\repository\org\glassfish\grizzly\grizzly-http-servlet\2.4.4\grizzly-http-servlet-2.4.4.jar;C:\Users\cjxli\.m2\repository\org\subethamail\subethasmtp-wiser\1.2\subethasmtp-wiser-1.2.jar;C:\Users\cjxli\.m2\repository\org\subethamail\subethasmtp-smtp\1.2\subethasmtp-smtp-1.2.jar;C:\Users\cjxli\.m2\repository\commons-logging\commons-logging\1.1\commons-logging-1.1.jar;C:\Users\cjxli\.m2\repository\logkit\logkit\1.0.1\logkit-1.0.1.jar;C:\Users\cjxli\.m2\repository\avalon-framework\avalon-framework\4.1.3\avalon-framework-4.1.3.jar;C:\Users\cjxli\.m2\repository\javax\servlet\servlet-api\2.3\servlet-api-2.3.jar;C:\Users\cjxli\.m2\repository\com\icegreen\greenmail\1.5.8\greenmail-1.5.8.jar;"/>
    <property name="sun.cpu.endian" value="little"/>
    <property name="user.home" value="C:\Users\cjxli"/>
    <property name="user.language" value="zh"/>
    <property name="java.specification.vendor" value="Oracle Corporation"/>
    <property name="java.version.date" value="2023-01-17"/>
    <property name="java.home" value="C:\Program Files\Java\jdk-19"/>
    <property name="file.separator" value="\"/>
    <property name="basedir" value="F:\Sustech_course\SE\lab\lab2\Teedy\docs-web"/>
    <property name="java.vm.compressedOopsMode" value="Zero based"/>
    <property name="line.separator" value="&#10;"/>
    <property name="java.vm.specification.vendor" value="Oracle Corporation"/>
    <property name="java.specification.name" value="Java Platform API Specification"/>
    <property name="surefire.real.class.path" value="C:\Users\cjxli\AppData\Local\Temp\surefire15943189906506894218\surefirebooter3062198582276509815.jar"/>
    <property name="user.script" value=""/>
    <property name="sun.management.compiler" value="HotSpot 64-Bit Tiered Compilers"/>
    <property name="java.runtime.version" value="19.0.2+7-44"/>
    <property name="user.name" value="cjxli"/>
    <property name="stdout.encoding" value="GBK"/>
    <property name="path.separator" value=";"/>
    <property name="os.version" value="10.0"/>
    <property name="java.runtime.name" value="Java(TM) SE Runtime Environment"/>
    <property name="file.encoding" value="UTF-8"/>
    <property name="java.vm.name" value="Java HotSpot(TM) 64-Bit Server VM"/>
    <property name="localRepository" value="C:\Users\cjxli\.m2\repository"/>
    <property name="java.vendor.url.bug" value="https://bugreport.java.com/bugreport/"/>
    <property name="java.io.tmpdir" value="C:\Users\cjxli\AppData\Local\Temp\"/>
    <property name="idea.version" value="2022.3.2"/>
    <property name="java.version" value="19.0.2"/>
    <property name="user.dir" value="F:\Sustech_course\SE\lab\lab2\Teedy\docs-web"/>
    <property name="os.arch" value="amd64"/>
    <property name="java.vm.specification.name" value="Java Virtual Machine Specification"/>
    <property name="sun.os.patch.level" value=""/>
    <property name="native.encoding" value="GBK"/>
    <property name="java.library.path" value="C:\Program Files\Java\jdk-19\bin;C:\Windows\Sun\Java\bin;C:\Windows\system32;C:\Windows;E:\Programs_files\VMware\bin\;C:\Program Files\Common Files\Oracle\Java\javapath;C:\Program Files (x86)\Common Files\Oracle\Java\java8path;C:\Program Files (x86)\Common Files\Oracle\Java\javapath;C:\Windows\system32;C:\Windows;C:\Windows\System32\Wbem;C:\Windows\System32\WindowsPowerShell\v1.0\;C:\Windows\System32\OpenSSH\;C:\Program Files\Git\cmd;C:\Program Files\nodejs\;E:\Programs_files\BvSshClient;F:\plugin\maven\apache-maven-3.9.0\bin;C:\Users\cjxli\AppData\Local\Programs\Python\Python39\Scripts\;C:\Users\cjxli\AppData\Local\Programs\Python\Python39\;C:\Users\cjxli\AppData\Local\Microsoft\WindowsApps;E:\Programs_files\IntelliJ IDEA 2022.3.2\bin;;E:\Programs_files\PyCharm 2022.3.2\bin;;E:\Programs_files\DataGrip 2022.3\bin;C:\msys64\mingw64\bin;;E:\Programs_files\WebStorm 2022.3.2\bin;;E:\Programs_files\Microsoft VS Code\bin;C:\Users\cjxli\AppData\Roaming\npm;E:\Program Files (x86)\NeoVim\bin;E:\Programs_files\JetBrains Gateway 2023.3.3\bin;;E:\Anaconda;E:\Anaconda\Scripts;E:\Anaconda\Library\bin;E:\Anaconda\Library\mingw-w64\bin;;."/>
    <property name="java.vm.info" value="mixed mode, sharing"/>
    <property name="stderr.encoding" value="GBK"/>
    <property name="java.vendor" value="Oracle Corporation"/>
    <property name="java.vm.version" value="19.0.2+7-44"/>
    <property name="sun.io.unicode.encoding" value="UnicodeLittle"/>
    <property name="java.class.version" value="63.0"/>
  </properties>
  <testcase name="testAclTags" classname="com.sismics.docs.rest.TestAclResource" time="7.985">
    <system-out><![CDATA[08 5月 2024 15:59:45,267 INFO com.sismics.util.filter.RequestContextFilter.init(RequestContextFilter.java:43) Using base data directory: C:\Users\cjxli\AppData\Local\Temp 
08 5月 2024 15:59:48,596 INFO com.sismics.util.ClasspathScanner.findClasses(ClasspathScanner.java:48) Found 1 classes for IndexingHandler 
08 5月 2024 15:59:48,655 INFO com.sismics.docs.core.util.indexing.LuceneIndexingHandler.initLucene(LuceneIndexingHandler.java:115) Using RAM Lucene storage 
08 5月 2024 15:59:48,808 INFO com.sismics.docs.core.service.FileService.startUp(FileService.java:39) File service starting up 
08 5月 2024 15:59:48,811 INFO com.sismics.docs.core.service.InboxService.startUp(InboxService.java:55) Inbox service starting up 
08 5月 2024 15:59:49,999 INFO com.sismics.util.ClasspathScanner.findClasses(ClasspathScanner.java:48) Found 2 classes for AuthenticationHandler 
08 5月 2024 15:59:51,003 INFO com.sismics.docs.core.listener.async.DocumentCreatedAsyncListener.on(DocumentCreatedAsyncListener.java:35) Document created event: DocumentCreatedAsyncEvent{documentId=67d8b1ff-19ac-4785-8f62-93883447ca74} 
08 5月 2024 15:59:51,251 INFO com.sismics.docs.core.listener.async.AclCreatedAsyncListener.on(AclCreatedAsyncListener.java:31) ACL created event: AclCreatedAsyncEvent{sourceId=3d512be9-b22e-47a0-8e5d-496446cf9e0c, perm=READ, targetId=9e96181e-6a78-4076-81d3-3c8279e64ea6} 
08 5月 2024 15:59:51,356 INFO com.sismics.docs.core.listener.async.AclCreatedAsyncListener.on(AclCreatedAsyncListener.java:31) ACL created event: AclCreatedAsyncEvent{sourceId=3d512be9-b22e-47a0-8e5d-496446cf9e0c, perm=WRITE, targetId=9e96181e-6a78-4076-81d3-3c8279e64ea6} 
08 5月 2024 15:59:51,410 INFO com.sismics.docs.core.listener.async.DocumentUpdatedAsyncListener.on(DocumentUpdatedAsyncListener.java:39) Document updated event: DocumentUpdatedAsyncEvent{documentId=67d8b1ff-19ac-4785-8f62-93883447ca74} 
08 5月 2024 15:59:51,496 INFO org.subethamail.smtp.server.SMTPServer.run(SMTPServer.java:333) SMTP Server socket shut down. 
08 5月 2024 15:59:51,501 INFO com.sismics.docs.core.service.InboxService.shutDown(InboxService.java:60) Inbox service shutting down 
08 5月 2024 15:59:51,502 INFO com.sismics.docs.core.service.FileService.shutDown(FileService.java:44) File service shutting down 
]]></system-out>
    <system-err><![CDATA[5月 08, 2024 3:59:43 下午 org.glassfish.jersey.test.external.ExternalTestContainerFactory$ExternalTestContainer <init>
信息: Creating ExternalTestContainer configured at the base URI http://localhost:9998/docs
5月 08, 2024 3:59:43 下午 org.glassfish.grizzly.servlet.WebappContext deploy
信息: Starting application [GrizzlyContext] ...
5月 08, 2024 3:59:44 下午 org.glassfish.grizzly.servlet.WebappContext initServlets
信息: Loading Servlet: org.glassfish.jersey.servlet.ServletContainer
5月 08, 2024 3:59:45 下午 org.glassfish.grizzly.servlet.WebappContext initServlets
信息: [GrizzlyContext] Servlet [org.glassfish.jersey.servlet.ServletContainer] registered for url pattern(s) [[/*]].
]]></system-err>
  </testcase>
  <testcase name="testAclResource" classname="com.sismics.docs.rest.TestAclResource" time="1.814">
    <system-out><![CDATA[08 5月 2024 15:59:51,512 INFO org.glassfish.jersey.test.external.ExternalTestContainerFactory$ExternalTestContainer.<init>(ExternalTestContainerFactory.java:91) Creating ExternalTestContainer configured at the base URI http://localhost:9998/docs 
08 5月 2024 15:59:51,616 INFO com.sismics.util.filter.RequestContextFilter.init(RequestContextFilter.java:43) Using base data directory: C:\Users\cjxli\AppData\Local\Temp 
08 5月 2024 15:59:51,854 INFO com.sismics.util.ClasspathScanner.findClasses(ClasspathScanner.java:48) Found 1 classes for IndexingHandler 
08 5月 2024 15:59:51,855 INFO com.sismics.docs.core.util.indexing.LuceneIndexingHandler.initLucene(LuceneIndexingHandler.java:115) Using RAM Lucene storage 
08 5月 2024 15:59:51,856 INFO com.sismics.docs.core.service.FileService.startUp(FileService.java:39) File service starting up 
08 5月 2024 15:59:51,857 INFO com.sismics.docs.core.service.InboxService.startUp(InboxService.java:55) Inbox service starting up 
08 5月 2024 15:59:52,991 INFO com.sismics.docs.core.listener.async.DocumentCreatedAsyncListener.on(DocumentCreatedAsyncListener.java:35) Document created event: DocumentCreatedAsyncEvent{documentId=30c92784-086e-481f-9858-5aa01425cd8e} 
08 5月 2024 15:59:53,069 INFO com.sismics.docs.core.listener.async.AclCreatedAsyncListener.on(AclCreatedAsyncListener.java:31) ACL created event: AclCreatedAsyncEvent{sourceId=30c92784-086e-481f-9858-5aa01425cd8e, perm=READ, targetId=b34b0f1c-acc6-455e-85f5-b419cdb7a06b} 
08 5月 2024 15:59:53,078 INFO com.sismics.docs.core.listener.async.AclCreatedAsyncListener.on(AclCreatedAsyncListener.java:31) ACL created event: AclCreatedAsyncEvent{sourceId=30c92784-086e-481f-9858-5aa01425cd8e, perm=WRITE, targetId=b34b0f1c-acc6-455e-85f5-b419cdb7a06b} 
08 5月 2024 15:59:53,111 INFO com.sismics.docs.core.listener.async.AclCreatedAsyncListener.on(AclCreatedAsyncListener.java:31) ACL created event: AclCreatedAsyncEvent{sourceId=30c92784-086e-481f-9858-5aa01425cd8e, perm=READ, targetId=7630416e-5915-49a0-a7b9-3b9806065178} 
08 5月 2024 15:59:53,119 INFO com.sismics.docs.core.listener.async.AclCreatedAsyncListener.on(AclCreatedAsyncListener.java:31) ACL created event: AclCreatedAsyncEvent{sourceId=30c92784-086e-481f-9858-5aa01425cd8e, perm=WRITE, targetId=7630416e-5915-49a0-a7b9-3b9806065178} 
08 5月 2024 15:59:53,174 INFO com.sismics.docs.core.listener.async.DocumentUpdatedAsyncListener.on(DocumentUpdatedAsyncListener.java:39) Document updated event: DocumentUpdatedAsyncEvent{documentId=30c92784-086e-481f-9858-5aa01425cd8e} 
08 5月 2024 15:59:53,209 INFO com.sismics.docs.core.listener.async.AclDeletedAsyncListener.on(AclDeletedAsyncListener.java:31) ACL deleted event: AclDeletedAsyncEvent{sourceId=30c92784-086e-481f-9858-5aa01425cd8e, perm=WRITE, targetId=b34b0f1c-acc6-455e-85f5-b419cdb7a06b} 
08 5月 2024 15:59:53,229 INFO com.sismics.docs.core.listener.async.AclDeletedAsyncListener.on(AclDeletedAsyncListener.java:31) ACL deleted event: AclDeletedAsyncEvent{sourceId=30c92784-086e-481f-9858-5aa01425cd8e, perm=WRITE, targetId=7630416e-5915-49a0-a7b9-3b9806065178} 
08 5月 2024 15:59:53,253 INFO com.sismics.docs.core.listener.async.AclDeletedAsyncListener.on(AclDeletedAsyncListener.java:31) ACL deleted event: AclDeletedAsyncEvent{sourceId=30c92784-086e-481f-9858-5aa01425cd8e, perm=READ, targetId=b34b0f1c-acc6-455e-85f5-b419cdb7a06b} 
08 5月 2024 15:59:53,273 INFO com.sismics.docs.core.listener.async.AclDeletedAsyncListener.on(AclDeletedAsyncListener.java:31) ACL deleted event: AclDeletedAsyncEvent{sourceId=30c92784-086e-481f-9858-5aa01425cd8e, perm=READ, targetId=7630416e-5915-49a0-a7b9-3b9806065178} 
08 5月 2024 15:59:53,325 INFO org.subethamail.smtp.server.SMTPServer.run(SMTPServer.java:333) SMTP Server socket shut down. 
08 5月 2024 15:59:53,326 INFO com.sismics.docs.core.service.InboxService.shutDown(InboxService.java:60) Inbox service shutting down 
08 5月 2024 15:59:53,327 INFO com.sismics.docs.core.service.FileService.shutDown(FileService.java:44) File service shutting down 
]]></system-out>
  </testcase>
</testsuite>